Arguments: 
  C:\Program Files\nodejs\node.exe C:\Users\SEC\AppData\Roaming\npm\node_modules\yarn\bin\yarn.js add @babel-node

PATH: 
  C:\Users\SEC\bin;C:\Program Files\Git\mingw64\bin;C:\Program Files\Git\usr\local\bin;C:\Program Files\Git\usr\bin;C:\Program Files\Git\usr\bin;C:\Program Files\Git\mingw64\bin;C:\Program Files\Git\usr\bin;C:\Users\SEC\bin;C:\app\SEC\product\11.2.0\dbhome_2\bin;C:\app\SEC\product\11.2.0\dbhome_1\bin;C:\Program Files (x86)\Intel\iCLS Client;C:\Program Files\Intel\iCLS Client;C:\WINDOWS\system32;C:\WINDOWS;C:\WINDOWS\System32\Wbem;C:\WINDOWS\System32\WindowsPowerShell\v1.0;C:\Program Files (x86)\Intel\Intel(R) Management Engine Components\DAL;C:\Program Files\Intel\Intel(R) Management Engine Components\DAL;C:\Program Files (x86)\Intel\Intel(R) Management Engine Components\IPT;C:\Program Files\Intel\Intel(R) Management Engine Components\IPT;C:\WINDOWS\System32\OpenSSH;C:\Program Files\Intel\WiFi\bin;C:\Program Files\Common Files\Intel\WirelessCommon;C:\develop\java\JDK1.8\bin;C:\Program Files\nodejs;C:\Program Files\Git\cmd;C:\Users\SEC\AppData\Local\Microsoft\WindowsApps;C:\Users\SEC\AppData\Local\Microsoft\WindowsApps;C:\develop\Microsoft VS Code\bin;C:\Users\SEC\AppData\Local\GitHubDesktop\bin;C:\Users\SEC\AppData\Roaming\npm;C:\Program Files\Git\usr\bin\vendor_perl;C:\Program Files\Git\usr\bin\core_perl

Yarn version: 
  1.21.1

Node version: 
  12.13.1

Platform: 
  win32 x64

Trace: 
  Error: https://registry.yarnpkg.com/@babel-node: Request "https://registry.yarnpkg.com/@babel-node" returned a 405
      at Request.params.callback [as _callback] (C:\Users\SEC\AppData\Roaming\npm\node_modules\yarn\lib\cli.js:66956:18)
      at Request.self.callback (C:\Users\SEC\AppData\Roaming\npm\node_modules\yarn\lib\cli.js:140665:22)
      at Request.emit (events.js:210:5)
      at Request.<anonymous> (C:\Users\SEC\AppData\Roaming\npm\node_modules\yarn\lib\cli.js:141637:10)
      at Request.emit (events.js:210:5)
      at IncomingMessage.<anonymous> (C:\Users\SEC\AppData\Roaming\npm\node_modules\yarn\lib\cli.js:141559:12)
      at Object.onceWrapper (events.js:299:28)
      at IncomingMessage.emit (events.js:215:7)
      at endReadableNT (_stream_readable.js:1184:12)
      at processTicksAndRejections (internal/process/task_queues.js:80:21)

npm manifest: 
  {
    "name": "tttt",
    "version": "1.0.0",
    "description": "",
    "main": "index.js",
    "scripts": {
      "start": "nodemon --exec babel-node src/server.js"
    },
    "author": "dev.YR",
    "license": "MIT",
    "devDependencies": {
      "@babel/cli": "7.7.7",
      "@babel/core": "7.7.7",
      "@babel/node": "7.7.7",
      "@babel/parser": "7.7.7",
      "@babel/preset-env": "7.7.7",
      "dotenv": "8.2.0",
      "express": "4.17.1",
      "express-mixin": "0.0.5",
      "graphql-yoga": "1.18.3",
      "nodemo": "1.0.0",
      "nodemon": "^2.0.2",
      "pug": "2.0.4"
    }
  }

yarn manifest: 
  No manifest

Lockfile: 
  No lockfile
